<?xml version="1.0" encoding="UTF-8"?>
<testsuite xmlns:xsi="http://www.w3.org/2001/XMLSchema-instance" xsi:noNamespaceSchemaLocation="https://maven.apache.org/surefire/maven-surefire-plugin/xsd/surefire-test-report-3.0.xsd" version="3.0" name="com.noorteck.qa.runners.MercuryRunner" time="21.174" tests="2" errors="0" skipped="0" failures="0">
  <properties>
[...]
</properties>
  <testcase name="Verify User able to register #1" classname="Mercury Registeration" time="11.854">
    <system-out><![CDATA[
Scenario: Verify User able to register                                                  &amp#27;[90m# src/test/resources/ntk1/Mercury.feature:7&amp#27;[0m
  &amp#27;[32mGiven &amp#27;[0m&amp#27;[32muser navigate to Mercury Application&amp#27;[0m                                            &amp#27;[90m# com.noorteck.qa.steps.MercuryStepDef.navigateToApp()&amp#27;[0m
  &amp#27;[32mAnd &amp#27;[0m&amp#27;[32mUser clicks Register Link&amp#27;[0m                                                         &amp#27;[90m# com.noorteck.qa.steps.MercuryStepDef.clickRegisterLink()&amp#27;[0m
  &amp#27;[32mWhen &amp#27;[0m&amp#27;[32mUser provides Contact Information &amp#27;[0m&amp#27;[32m&amp#27;[1m"John"&amp#27;[0m&amp#27;[32m &amp#27;[0m&amp#27;[32m&amp#27;[1m"Cena"&amp#27;[0m&amp#27;[32m &amp#27;[0m&amp#27;[32m&amp#27;[1m"703-333 -9999"&amp#27;[0m&amp#27;[32m &amp#27;[0m&amp#27;[32m&amp#27;[1m"john@gmail.com"&amp#27;[0m &amp#27;[90m# com.noorteck.qa.steps.MercuryStepDef.enterContactInfo(java.lang.String,java.lang.String,java.lang.String,java.lang.String)&amp#27;[0m
  &amp#27;[32mAnd &amp#27;[0m&amp#27;[32mUser provides Mailing Infomration &amp#27;[0m&amp#27;[32m&amp#27;[1m"123 street dr"&amp#27;[0m&amp#27;[32m &amp#27;[0m&amp#27;[32m&amp#27;[1m"reston"&amp#27;[0m&amp#27;[32m &amp#27;[0m&amp#27;[32m&amp#27;[1m"VA"&amp#27;[0m&amp#27;[32m &amp#27;[0m&amp#27;[32m&amp#27;[1m"20191"&amp#27;[0m&amp#27;[32m &amp#27;[0m&amp#27;[32m&amp#27;[1m"ARUBA"&amp#27;[0m   &amp#27;[90m# com.noorteck.qa.steps.MercuryStepDef.enterMailingInfo(java.lang.String,java.lang.String,java.lang.String,java.lang.String,java.lang.String)&amp#27;[0m
  &amp#27;[32mAnd &amp#27;[0m&amp#27;[32mUser provides User Information &amp#27;[0m&amp#27;[32m&amp#27;[1m"admin"&amp#27;[0m&amp#27;[32m &amp#27;[0m&amp#27;[32m&amp#27;[1m"123456a"&amp#27;[0m&amp#27;[32m &amp#27;[0m&amp#27;[32m&amp#27;[1m"123456a"&amp#27;[0m                        &amp#27;[90m# com.noorteck.qa.steps.MercuryStepDef.enterUserInfo(java.lang.String,java.lang.String,java.lang.String)&amp#27;[0m
  &amp#27;[32mAnd &amp#27;[0m&amp#27;[32mUser clicks submit button&amp#27;[0m                                                         &amp#27;[90m# com.noorteck.qa.steps.MercuryStepDef.clickSubmit()&amp#27;[0m
SUCCESS...
  &amp#27;[32mThen &amp#27;[0m&amp#27;[32mUser verifies success message &amp#27;[0m&amp#27;[32m&amp#27;[1m"Success!"&amp#27;[0m                                         &amp#27;[90m# com.noorteck.qa.steps.MercuryStepDef.verifyMessage(java.lang.String)&amp#27;[0m
]]></system-out>
    <system-err><![CDATA[SLF4J: Failed to load class "org.slf4j.impl.StaticLoggerBinder".
SLF4J: Defaulting to no-operation (NOP) logger implementation
SLF4J: See http://www.slf4j.org/codes.html#StaticLoggerBinder for further details.
Starting ChromeDriver 106.0.5249.61 (511755355844955cd3e264779baf0dd38212a4d0-refs/branch-heads/5249@{#569}) on port 51285
Only local connections are allowed.
Please see https://chromedriver.chromium.org/security-considerations for suggestions on keeping ChromeDriver safe.
ChromeDriver was started successfully.
Oct 11, 2022 11:54:33 AM org.openqa.selenium.remote.ProtocolHandshake createSession
INFO: Detected dialect: W3C
]]></system-err>
  </testcase>
  <testcase name="Verify User able to register #2" classname="Mercury Registeration" time="8.683">
    <system-out><![CDATA[
Scenario Outline: Verify User able to register                                          &amp#27;[90m# src/test/resources/ntk1/Mercury.feature:23&amp#27;[0m
  &amp#27;[32mGiven &amp#27;[0m&amp#27;[32muser navigate to Mercury Application&amp#27;[0m                                            &amp#27;[90m# com.noorteck.qa.steps.MercuryStepDef.navigateToApp()&amp#27;[0m
  &amp#27;[32mAnd &amp#27;[0m&amp#27;[32mUser clicks Register Link&amp#27;[0m                                                         &amp#27;[90m# com.noorteck.qa.steps.MercuryStepDef.clickRegisterLink()&amp#27;[0m
  &amp#27;[32mWhen &amp#27;[0m&amp#27;[32mUser provides Contact Information &amp#27;[0m&amp#27;[32m&amp#27;[1m"John"&amp#27;[0m&amp#27;[32m &amp#27;[0m&amp#27;[32m&amp#27;[1m"Cena"&amp#27;[0m&amp#27;[32m &amp#27;[0m&amp#27;[32m&amp#27;[1m"703-333 -9999"&amp#27;[0m&amp#27;[32m &amp#27;[0m&amp#27;[32m&amp#27;[1m"john@gmail.com"&amp#27;[0m &amp#27;[90m# com.noorteck.qa.steps.MercuryStepDef.enterContactInfo(java.lang.String,java.lang.String,java.lang.String,java.lang.String)&amp#27;[0m
  &amp#27;[32mAnd &amp#27;[0m&amp#27;[32mUser provides Mailing Infomration &amp#27;[0m&amp#27;[32m&amp#27;[1m"123 street dr"&amp#27;[0m&amp#27;[32m &amp#27;[0m&amp#27;[32m&amp#27;[1m"reston"&amp#27;[0m&amp#27;[32m &amp#27;[0m&amp#27;[32m&amp#27;[1m"VA"&amp#27;[0m&amp#27;[32m &amp#27;[0m&amp#27;[32m&amp#27;[1m"20191"&amp#27;[0m&amp#27;[32m &amp#27;[0m&amp#27;[32m&amp#27;[1m"ARUBA"&amp#27;[0m   &amp#27;[90m# com.noorteck.qa.steps.MercuryStepDef.enterMailingInfo(java.lang.String,java.lang.String,java.lang.String,java.lang.String,java.lang.String)&amp#27;[0m
  &amp#27;[32mAnd &amp#27;[0m&amp#27;[32mUser provides User Information &amp#27;[0m&amp#27;[32m&amp#27;[1m"admin"&amp#27;[0m&amp#27;[32m &amp#27;[0m&amp#27;[32m&amp#27;[1m"123456a"&amp#27;[0m&amp#27;[32m &amp#27;[0m&amp#27;[32m&amp#27;[1m"123456a"&amp#27;[0m                        &amp#27;[90m# com.noorteck.qa.steps.MercuryStepDef.enterUserInfo(java.lang.String,java.lang.String,java.lang.String)&amp#27;[0m
  &amp#27;[32mAnd &amp#27;[0m&amp#27;[32mUser clicks submit button&amp#27;[0m                                                         &amp#27;[90m# com.noorteck.qa.steps.MercuryStepDef.clickSubmit()&amp#27;[0m
SUCCESS...
  &amp#27;[32mThen &amp#27;[0m&amp#27;[32mUser verifies success message &amp#27;[0m&amp#27;[32m&amp#27;[1m"Success!"&amp#27;[0m                                         &amp#27;[90m# com.noorteck.qa.steps.MercuryStepDef.verifyMessage(java.lang.String)&amp#27;[0m
]]></system-out>
    <system-err><![CDATA[Starting ChromeDriver 106.0.5249.61 (511755355844955cd3e264779baf0dd38212a4d0-refs/branch-heads/5249@{#569}) on port 29142
Only local connections are allowed.
Please see https://chromedriver.chromium.org/security-considerations for suggestions on keeping ChromeDriver safe.
ChromeDriver was started successfully.
Oct 11, 2022 11:54:42 AM org.openqa.selenium.remote.ProtocolHandshake createSession
INFO: Detected dialect: W3C
]]></system-err>
  </testcase>
</testsuite>